[04/11/2016 08:00:43] Servidor de templates ativo, endereço: 192.168.168.87:777
Iniciando instância RO.rafis.net : 04/11/2016 08:06:47
[04/11/2016 08:06:47] Servidor de templates ativo, endereço: 192.168.168.87:777
[04/11/2016 08:06:48] Rodando: 0 prontuarios disponíveis.
[04/11/2016 08:06:55] Rodando...
[04/11/2016 08:06:56] Rodando...
[04/11/2016 08:06:57] Rodando...
[04/11/2016 08:06:58] Rodando...
[04/11/2016 08:06:58] Rodando: 0 prontuarios disponíveis.
[04/11/2016 08:06:59] Rodando...
[04/11/2016 08:07:00] Rodando...
[04/11/2016 08:07:01] Rodando...
[04/11/2016 08:07:02] Rodando...
[04/11/2016 08:07:03] Rodando...
[04/11/2016 08:07:04] Rodando...
[04/11/2016 08:07:05] Rodando...
[04/11/2016 08:07:06] Rodando...
[04/11/2016 08:07:07] Rodando...
[04/11/2016 08:07:08] Rodando...
[04/11/2016 08:07:08] Rodando: 0 prontuarios disponíveis.
[04/11/2016 08:07:09] Rodando...
[04/11/2016 08:07:10] Rodando...
[04/11/2016 08:07:11] Rodando...
[04/11/2016 08:07:12] Rodando...
[04/11/2016 08:07:13] Rodando...
[04/11/2016 08:07:14] Rodando...
[04/11/2016 08:07:15] Rodando...
[04/11/2016 08:07:16] Rodando...
[04/11/2016 08:07:17] Rodando...
[04/11/2016 08:07:18] Rodando: 0 prontuarios disponíveis.
[04/11/2016 08:07:18] Rodando...
[04/11/2016 08:07:19] Rodando...
[04/11/2016 08:07:20] Rodando...
[04/11/2016 08:07:21] Rodando...
[04/11/2016 08:07:22] Rodando...
[04/11/2016 08:07:23] Rodando...
[04/11/2016 08:07:24] Rodando...
[04/11/2016 08:07:25] Rodando...
[04/11/2016 08:07:26] Rodando...
[04/11/2016 08:07:27] Rodando...
[04/11/2016 08:07:28] Rodando: 0 prontuarios disponíveis.
[04/11/2016 08:07:28] Rodando...
[04/11/2016 08:07:29] Rodando...
[04/11/2016 08:07:30] Rodando...
[04/11/2016 08:07:31] Rodando...
[04/11/2016 08:07:32] Rodando...
[04/11/2016 08:07:33] Rodando...
[04/11/2016 08:07:34] Rodando...
[04/11/2016 08:07:35] Rodando...
[04/11/2016 08:07:36] Rodando...
[04/11/2016 08:07:37] Rodando...
[04/11/2016 08:07:38] Rodando: 0 prontuarios disponíveis.
[04/11/2016 08:07:39] Rodando...
[04/11/2016 08:07:40] Rodando...
[04/11/2016 08:07:41] Rodando...
[04/11/2016 08:07:42] Rodando...
[04/11/2016 08:07:43] Rodando...
[04/11/2016 08:07:44] Rodando...
[04/11/2016 08:07:45] Rodando...
[04/11/2016 08:07:46] Rodando...
[04/11/2016 08:07:47] Rodando...
[04/11/2016 08:07:48] Rodando...
[04/11/2016 08:07:48] Rodando: 0 prontuarios disponíveis.
[04/11/2016 08:07:49] Rodando...
[04/11/2016 08:07:50] Rodando...
[04/11/2016 08:07:51] Rodando...
Servico Parado: 04/11/2016 08:07:52
Iniciando instância RO.rafis.net : 04/11/2016 08:12:15
[04/11/2016 08:12:15] Servidor de templates ativo, endereço: 192.168.168.87:777
[04/11/2016 08:12:16] Protuário 02965420240 do Estado RO.rafis.net inserido na base.
[04/11/2016 08:12:16] Protuário 01496520203 do Estado RO.rafis.net inserido na base.
[04/11/2016 08:12:16] Protuário 02754353267 do Estado RO.rafis.net inserido na base.
[04/11/2016 08:12:16] Protuário 02521955230 do Estado RO.rafis.net inserido na base.
[04/11/2016 08:12:16] Protuário 76596575268 do Estado RO.rafis.net inserido na base.
[04/11/2016 08:12:16] Protuário 02149412136 do Estado RO.rafis.net inserido na base.
[04/11/2016 08:12:16] Protuário 88179664287 do Estado RO.rafis.net inserido na base.
[04/11/2016 08:12:16] Protuário 02973352274 do Estado RO.rafis.net inserido na base.
[04/11/2016 08:12:16] Protuário 02976066205 do Estado RO.rafis.net inserido na base.
[04/11/2016 08:12:16] Protuário 02092637258 do Estado RO.rafis.net inserido na base.
[04/11/2016 08:12:16] Protuário 03268056806 do Estado RO.rafis.net inserido na base.
[04/11/2016 08:12:16] Protuário 01469430231 do Estado RO.rafis.net inserido na base.
[04/11/2016 08:12:16] Protuário 98087134249 do Estado RO.rafis.net inserido na base.
[04/11/2016 08:12:16] Protuário 02589695802 do Estado RO.rafis.net inserido na base.
[04/11/2016 08:12:16] Protuário 19836856153 do Estado RO.rafis.net inserido na base.
[04/11/2016 08:12:16] Protuário 00334364280 do Estado RO.rafis.net inserido na base.
[04/11/2016 08:12:16] Protuário 86819640200 do Estado RO.rafis.net inserido na base.
[04/11/2016 08:12:16] Protuário 21514615215 do Estado RO.rafis.net inserido na base.
[04/11/2016 08:12:16] Protuário 52862682268 do Estado RO.rafis.net inserido na base.
[04/11/2016 08:12:16] Protuário 02079915290 do Estado RO.rafis.net inserido na base.
[04/11/2016 08:12:16] Protuário 77444256268 do Estado RO.rafis.net inserido na base.
[04/11/2016 08:12:16] Protuário 00695016296 do Estado RO.rafis.net inserido na base.
[04/11/2016 08:12:16] Protuário 00625188284 do Estado RO.rafis.net inserido na base.
[04/11/2016 08:12:16] Protuário 01958699233 do Estado RO.rafis.net inserido na base.
[04/11/2016 08:12:16] Protuário 02078272221 do Estado RO.rafis.net inserido na base.
[04/11/2016 08:12:16] Protuário 02431342239 do Estado RO.rafis.net inserido na base.
[04/11/2016 08:12:16] Protuário 01673935290 do Estado RO.rafis.net inserido na base.
[04/11/2016 08:12:16] Protuário 00576779210 do Estado RO.rafis.net inserido na base.
[04/11/2016 08:12:16] Protuário 02206686201 do Estado RO.rafis.net inserido na base.
[04/11/2016 08:12:16] Protuário 02969410265 do Estado RO.rafis.net inserido na base.
[04/11/2016 08:12:16] Protuário 02056349230 do Estado RO.rafis.net inserido na base.
[04/11/2016 08:12:16] Protuário 02521651281 do Estado RO.rafis.net inserido na base.
[04/11/2016 08:12:16] Protuário 44261187191 do Estado RO.rafis.net inserido na base.
[04/11/2016 08:12:16] Protuário 02973485231 do Estado RO.rafis.net inserido na base.
[04/11/2016 08:12:16] Protuário 02524648265 do Estado RO.rafis.net inserido na base.
[04/11/2016 08:12:16] Protuário 02520055200 do Estado RO.rafis.net inserido na base.
[04/11/2016 08:12:16] Protuário 02839294214 do Estado RO.rafis.net inserido na base.
[04/11/2016 08:12:16] Protuário 02651497207 do Estado RO.rafis.net inserido na base.
[04/11/2016 08:12:16] Protuário 02522665286 do Estado RO.rafis.net inserido na base.
[04/11/2016 08:12:16] Protuário 01953911285 do Estado RO.rafis.net inserido na base.
[04/11/2016 08:12:16] Protuário 70629005834 do Estado RO.rafis.net inserido na base.
[04/11/2016 08:12:16] Protuário 99263424268 do Estado RO.rafis.net inserido na base.
[04/11/2016 08:12:16] Protuário 02968330292 do Estado RO.rafis.net inserido na base.
[04/11/2016 08:12:16] Protuário 69935033287 do Estado RO.rafis.net inserido na base.
[04/11/2016 08:12:16] Protuário 02699667226 do Estado RO.rafis.net inserido na base.
[04/11/2016 08:12:16] Protuário 02751799230 do Estado RO.rafis.net inserido na base.
[04/11/2016 08:12:16] Protuário 14485559815 do Estado RO.rafis.net inserido na base.
[04/11/2016 08:12:16] Protuário 01155417216 do Estado RO.rafis.net inserido na base.
[04/11/2016 08:12:16] Protuário 02496331203 do Estado RO.rafis.net inserido na base.
[04/11/2016 08:12:16] Protuário 73932949234 do Estado RO.rafis.net inserido na base.
[04/11/2016 08:12:16] Protuário 02371843202 do Estado RO.rafis.net inserido na base.
[04/11/2016 08:12:16] Protuário 02521664260 do Estado RO.rafis.net inserido na base.
[04/11/2016 08:12:16] Protuário 02974220223 do Estado RO.rafis.net inserido na base.
[04/11/2016 08:12:16] Protuário 02345496290 do Estado RO.rafis.net inserido na base.
[04/11/2016 08:12:16] Protuário 02355969221 do Estado RO.rafis.net inserido na base.
[04/11/2016 08:12:16] Protuário 00654291250 do Estado RO.rafis.net inserido na base.
[04/11/2016 08:12:16] Protuário 67147682220 do Estado RO.rafis.net inserido na base.
[04/11/2016 08:12:16] Protuário 88762130234 do Estado RO.rafis.net inserido na base.
[04/11/2016 08:12:16] Protuário 00534193242 do Estado RO.rafis.net inserido na base.
[04/11/2016 08:12:16] Protuário 99505100230 do Estado RO.rafis.net inserido na base.
[04/11/2016 08:12:16] Protuário 01677566213 do Estado RO.rafis.net inserido na base.
[04/11/2016 08:12:16] Protuário 01396136258 do Estado RO.rafis.net inserido na base.
[04/11/2016 08:12:16] Protuário 00773870237 do Estado RO.rafis.net inserido na base.
[04/11/2016 08:12:16] Protuário 96198125220 do Estado RO.rafis.net inserido na base.
[04/11/2016 08:12:16] Protuário 02622466277 do Estado RO.rafis.net inserido na base.
[04/11/2016 08:12:16] Protuário 03090768380 do Estado RO.rafis.net inserido na base.
[04/11/2016 08:12:16] Protuário 02525430255 do Estado RO.rafis.net inserido na base.
[04/11/2016 08:12:16] Protuário 44932006934 do Estado RO.rafis.net inserido na base.
[04/11/2016 08:12:16] Protuário 02522224239 do Estado RO.rafis.net inserido na base.
[04/11/2016 08:12:16] Protuário 02750809274 do Estado RO.rafis.net inserido na base.
[04/11/2016 08:12:16] Protuário 02481107217 do Estado RO.rafis.net inserido na base.
[04/11/2016 08:12:16] Protuário 80451446291 do Estado RO.rafis.net inserido na base.
[04/11/2016 08:12:16] Protuário 23976039187 do Estado RO.rafis.net inserido na base.
[04/11/2016 08:12:16] Protuário 38681595253 do Estado RO.rafis.net inserido na base.
[04/11/2016 08:12:16] Protuário 84711612220 do Estado RO.rafis.net inserido na base.
[04/11/2016 08:12:16] Protuário 00493712232 do Estado RO.rafis.net inserido na base.
[04/11/2016 08:12:16] Protuário 01998047296 do Estado RO.rafis.net inserido na base.
[04/11/2016 08:12:16] Protuário 02958001270 do Estado RO.rafis.net inserido na base.
[04/11/2016 08:12:16] Protuário 78255830278 do Estado RO.rafis.net inserido na base.
[04/11/2016 08:12:16] Protuário 01149521244 do Estado RO.rafis.net inserido na base.
[04/11/2016 08:12:16] Protuário 02522973266 do Estado RO.rafis.net inserido na base.
[04/11/2016 08:12:16] Protuário 01483326250 do Estado RO.rafis.net inserido na base.
[04/11/2016 08:12:16] Protuário 02415405264 do Estado RO.rafis.net inserido na base.
[04/11/2016 08:12:16] Protuário 02660397236 do Estado RO.rafis.net inserido na base.
[04/11/2016 08:12:16] Protuário 02590508220 do Estado RO.rafis.net inserido na base.
[04/11/2016 08:12:16] Protuário 02024929230 do Estado RO.rafis.net inserido na base.
[04/11/2016 08:12:16] Protuário 00542272326 do Estado RO.rafis.net inserido na base.
[04/11/2016 08:12:16] Protuário 02521788236 do Estado RO.rafis.net inserido na base.
[04/11/2016 08:12:16] Protuário 89597516268 do Estado RO.rafis.net inserido na base.
[04/11/2016 08:12:16] Protuário 01763353230 do Estado RO.rafis.net inserido na base.
[04/11/2016 08:12:16] Protuário 02495989225 do Estado RO.rafis.net inserido na base.
[04/11/2016 08:12:16] Protuário 02750999200 do Estado RO.rafis.net inserido na base.
[04/11/2016 08:12:16] Protuário 02293363295 do Estado RO.rafis.net inserido na base.
[04/11/2016 08:12:16] Protuário 02515297200 do Estado RO.rafis.net inserido na base.
[04/11/2016 08:12:16] Protuário 01980204225 do Estado RO.rafis.net inserido na base.
[04/11/2016 08:12:16] Protuário 02828046257 do Estado RO.rafis.net inserido na base.
[04/11/2016 08:12:16] Protuário 00590741241 do Estado RO.rafis.net inserido na base.
[04/11/2016 08:12:16] Protuário 01708436294 do Estado RO.rafis.net inserido na base.
[04/11/2016 08:12:16] Protuário 57287708272 do Estado RO.rafis.net inserido na base.
[04/11/2016 08:12:16] Protuário 55063900259 do Estado RO.rafis.net inserido na base.
[04/11/2016 08:12:16] Protuário 02978192240 do Estado RO.rafis.net inserido na base.
[04/11/2016 08:12:16] Protuário 02974276288 do Estado RO.rafis.net inserido na base.
[04/11/2016 08:12:16] Protuário 02673588221 do Estado RO.rafis.net inserido na base.
[04/11/2016 08:12:16] Protuário 78137365249 do Estado RO.rafis.net inserido na base.
[04/11/2016 08:12:16] Protuário 01306061202 do Estado RO.rafis.net inserido na base.
[04/11/2016 08:12:16] Protuário 86843532268 do Estado RO.rafis.net inserido na base.
[04/11/2016 08:12:16] Protuário 02751936245 do Estado RO.rafis.net inserido na base.
[04/11/2016 08:12:16] Protuário 02974577210 do Estado RO.rafis.net inserido na base.
[04/11/2016 08:12:16] Protuário 02973929210 do Estado RO.rafis.net inserido na base.
[04/11/2016 08:12:16] Protuário 00813113202 do Estado RO.rafis.net inserido na base.
[04/11/2016 08:12:16] Protuário 25102311204 do Estado RO.rafis.net inserido na base.
[04/11/2016 08:12:16] Protuário 02457394244 do Estado RO.rafis.net inserido na base.
[04/11/2016 08:12:16] Protuário 02522465279 do Estado RO.rafis.net inserido na base.
[04/11/2016 08:12:16] Protuário 02522991248 do Estado RO.rafis.net inserido na base.
[04/11/2016 08:12:16] Protuário 01179162269 do Estado RO.rafis.net inserido na base.
[04/11/2016 08:12:16] Protuário 02976157260 do Estado RO.rafis.net inserido na base.
[04/11/2016 08:12:16] Protuário 02969500256 do Estado RO.rafis.net inserido na base.
[04/11/2016 08:12:16] Protuário 54814154291 do Estado RO.rafis.net inserido na base.
[04/11/2016 08:12:16] Protuário 76744795287 do Estado RO.rafis.net inserido na base.
[04/11/2016 08:12:16] Protuário 95791914253 do Estado RO.rafis.net inserido na base.
[04/11/2016 08:12:16] Protuário 02346872237 do Estado RO.rafis.net inserido na base.
[04/11/2016 08:12:16] Protuário 02494513286 do Estado RO.rafis.net inserido na base.
[04/11/2016 08:12:16] Protuário 42246423953 do Estado RO.rafis.net inserido na base.
[04/11/2016 08:12:16] Protuário 69255636200 do Estado RO.rafis.net inserido na base.
[04/11/2016 08:12:16] Protuário 01450416209 do Estado RO.rafis.net inserido na base.
[04/11/2016 08:12:16] Protuário 02693584205 do Estado RO.rafis.net inserido na base.
[04/11/2016 08:12:16] Protuário 02977917292 do Estado RO.rafis.net inserido na base.
[04/11/2016 08:12:16] Protuário 01710167262 do Estado RO.rafis.net inserido na base.
[04/11/2016 08:12:16] Protuário 02971501205 do Estado RO.rafis.net inserido na base.
[04/11/2016 08:12:16] Protuário 01743762275 do Estado RO.rafis.net inserido na base.
[04/11/2016 08:12:16] Protuário 02754264248 do Estado RO.rafis.net inserido na base.
[04/11/2016 08:12:16] Protuário 02448821267 do Estado RO.rafis.net inserido na base.
[04/11/2016 08:12:16] Protuário 27206831249 do Estado RO.rafis.net inserido na base.
[04/11/2016 08:12:16] Protuário 80154140244 do Estado RO.rafis.net inserido na base.
[04/11/2016 08:12:16] Protuário 02524790258 do Estado RO.rafis.net inserido na base.
[04/11/2016 08:12:16] Protuário 44989490134 do Estado RO.rafis.net inserido na base.
[04/11/2016 08:12:16] Protuário 01503299201 do Estado RO.rafis.net inserido na base.
[04/11/2016 08:12:16] Protuário 01775818241 do Estado RO.rafis.net inserido na base.
[04/11/2016 08:12:16] Protuário 01866550292 do Estado RO.rafis.net inserido na base.
[04/11/2016 08:12:16] Protuário 02752033281 do Estado RO.rafis.net inserido na base.
[04/11/2016 08:12:16] Protuário 21572992204 do Estado RO.rafis.net inserido na base.
[04/11/2016 08:12:16] Protuário 05773116898 do Estado RO.rafis.net inserido na base.
[04/11/2016 08:12:16] Protuário 00045029229 do Estado RO.rafis.net inserido na base.
[04/11/2016 08:12:16] Protuário 02751366201 do Estado RO.rafis.net inserido na base.
[04/11/2016 08:12:16] Protuário 02754644237 do Estado RO.rafis.net inserido na base.
[04/11/2016 08:12:16] Protuário 52495990282 do Estado RO.rafis.net inserido na base.
[04/11/2016 08:12:16] Protuário 02975740271 do Estado RO.rafis.net inserido na base.
[04/11/2016 08:12:16] Protuário 82257132220 do Estado RO.rafis.net inserido na base.
[04/11/2016 08:12:16] Protuário 02976389209 do Estado RO.rafis.net inserido na base.
[04/11/2016 08:12:16] Protuário 02741527202 do Estado RO.rafis.net inserido na base.
[04/11/2016 08:12:16] Protuário 00603431259 do Estado RO.rafis.net inserido na base.
[04/11/2016 08:12:16] Protuário 02737347254 do Estado RO.rafis.net inserido na base.
[04/11/2016 08:12:16] Protuário 61613053487 do Estado RO.rafis.net inserido na base.
[04/11/2016 08:12:17] Protuário 02406499235 do Estado RO.rafis.net inserido na base.
[04/11/2016 08:12:17] Protuário 95344250282 do Estado RO.rafis.net inserido na base.
[04/11/2016 08:12:17] Protuário 02378030207 do Estado RO.rafis.net inserido na base.
[04/11/2016 08:12:17] Protuário 02522834223 do Estado RO.rafis.net inserido na base.
[04/11/2016 08:12:17] Protuário 02754321225 do Estado RO.rafis.net inserido na base.
[04/11/2016 08:12:17] Protuário 02490091298 do Estado RO.rafis.net inserido na base.
[04/11/2016 08:12:17] Protuário 98029436220 do Estado RO.rafis.net inserido na base.
[04/11/2016 08:12:17] Protuário 38610965287 do Estado RO.rafis.net inserido na base.
[04/11/2016 08:12:17] Protuário 02581047240 do Estado RO.rafis.net inserido na base.
[04/11/2016 08:12:17] Protuário 02751928226 do Estado RO.rafis.net inserido na base.
[04/11/2016 08:12:17] Protuário 02174560224 do Estado RO.rafis.net inserido na base.
[04/11/2016 08:12:17] Protuário 02233836278 do Estado RO.rafis.net inserido na base.
[04/11/2016 08:12:17] Protuário 02754883223 do Estado RO.rafis.net inserido na base.
[04/11/2016 08:12:17] Protuário 20411022253 do Estado RO.rafis.net inserido na base.
[04/11/2016 08:12:17] Protuário 02748786238 do Estado RO.rafis.net inserido na base.
[04/11/2016 08:12:17] Protuário 08699227779 do Estado RO.rafis.net inserido na base.
[04/11/2016 08:12:17] Protuário 02964855277 do Estado RO.rafis.net inserido na base.
[04/11/2016 08:12:17] Protuário 54791790200 do Estado RO.rafis.net inserido na base.
[04/11/2016 08:12:17] Protuário 02976760241 do Estado RO.rafis.net inserido na base.
[04/11/2016 08:12:17] Protuário 94051674134 do Estado RO.rafis.net inserido na base.
[04/11/2016 08:12:17] Protuário 02510712276 do Estado RO.rafis.net inserido na base.
[04/11/2016 08:12:17] Protuário 02976448230 do Estado RO.rafis.net inserido na base.
[04/11/2016 08:12:17] Protuário 02203357290 do Estado RO.rafis.net inserido na base.
[04/11/2016 08:12:17] Protuário 74065394287 do Estado RO.rafis.net inserido na base.
[04/11/2016 08:12:17] Protuário 01387778293 do Estado RO.rafis.net inserido na base.
[04/11/2016 08:12:17] Protuário 02978497270 do Estado RO.rafis.net inserido na base.
[04/11/2016 08:12:17] Protuário 01471688216 do Estado RO.rafis.net inserido na base.
[04/11/2016 08:12:17] Protuário 02499691220 do Estado RO.rafis.net inserido na base.
[04/11/2016 08:12:17] Protuário 02974901255 do Estado RO.rafis.net inserido na base.
[04/11/2016 08:12:17] Protuário 02716977259 do Estado RO.rafis.net inserido na base.
[04/11/2016 08:12:17] Protuário 02039696261 do Estado RO.rafis.net inserido na base.
[04/11/2016 08:12:17] Protuário 02754642293 do Estado RO.rafis.net inserido na base.
[04/11/2016 08:12:17] Protuário 02524497208 do Estado RO.rafis.net inserido na base.
[04/11/2016 08:12:17] Protuário 32605226204 do Estado RO.rafis.net inserido na base.
[04/11/2016 08:12:17] Protuário 02973718279 do Estado RO.rafis.net inserido na base.
[04/11/2016 08:12:17] Protuário 02578855285 do Estado RO.rafis.net inserido na base.
[04/11/2016 08:12:17] Protuário 00617062218 do Estado RO.rafis.net inserido na base.
[04/11/2016 08:12:17] Protuário 02752126298 do Estado RO.rafis.net inserido na base.
[04/11/2016 08:12:17] Protuário 02744501271 do Estado RO.rafis.net inserido na base.
[04/11/2016 08:12:17] Protuário 02978588233 do Estado RO.rafis.net inserido na base.
[04/11/2016 08:12:17] Protuário 02110486236 do Estado RO.rafis.net inserido na base.
[04/11/2016 08:12:17] Protuário 02396367242 do Estado RO.rafis.net inserido na base.
[04/11/2016 08:12:17] Protuário 02344314237 do Estado RO.rafis.net inserido na base.
[04/11/2016 08:12:17] Protuário 78196612249 do Estado RO.rafis.net inserido na base.
[04/11/2016 08:12:17] Protuário 01822615224 do Estado RO.rafis.net inserido na base.
[04/11/2016 08:12:17] Protuário 77250788272 do Estado RO.rafis.net inserido na base.
[04/11/2016 08:12:17] Protuário 02502243211 do Estado RO.rafis.net inserido na base.
[04/11/2016 08:12:17] Protuário 02351946200 do Estado RO.rafis.net inserido na base.
[04/11/2016 08:12:17] Protuário 02524591212 do Estado RO.rafis.net inserido na base.
[04/11/2016 08:12:17] Protuário 01859203221 do Estado RO.rafis.net inserido na base.
[04/11/2016 08:12:17] Protuário 02757965239 do Estado RO.rafis.net inserido na base.
[04/11/2016 08:12:17] Protuário 02522061267 do Estado RO.rafis.net inserido na base.
[04/11/2016 08:12:17] Protuário 02751969259 do Estado RO.rafis.net inserido na base.
[04/11/2016 08:12:17] Protuário 02524613208 do Estado RO.rafis.net inserido na base.
[04/11/2016 08:12:17] Protuário 02467493261 do Estado RO.rafis.net inserido na base.
[04/11/2016 08:12:17] Protuário 97837040287 do Estado RO.rafis.net inserido na base.
[04/11/2016 08:12:17] Protuário 95055908220 do Estado RO.rafis.net inserido na base.
[04/11/2016 08:12:17] Protuário 01168462240 do Estado RO.rafis.net inserido na base.
[04/11/2016 08:12:17] Protuário 02461027218 do Estado RO.rafis.net inserido na base.
[04/11/2016 08:12:17] Protuário 02749003270 do Estado RO.rafis.net inserido na base.
[04/11/2016 08:12:17] Protuário 02592415203 do Estado RO.rafis.net inserido na base.
[04/11/2016 08:12:17] Protuário 95862030263 do Estado RO.rafis.net inserido na base.
[04/11/2016 08:12:17] Protuário 01079421270 do Estado RO.rafis.net inserido na base.
[04/11/2016 08:12:17] Protuário 01801610240 do Estado RO.rafis.net inserido na base.
[04/11/2016 08:12:17] Protuário 92410944272 do Estado RO.rafis.net inserido na base.
[04/11/2016 08:12:17] Protuário 97775673249 do Estado RO.rafis.net inserido na base.
[04/11/2016 08:12:17] Protuário 00478907206 do Estado RO.rafis.net inserido na base.
[04/11/2016 08:12:17] Protuário 02524574202 do Estado RO.rafis.net inserido na base.
[04/11/2016 08:12:17] Protuário 02749664250 do Estado RO.rafis.net inserido na base.
[04/11/2016 08:12:17] Protuário 78175356200 do Estado RO.rafis.net inserido na base.
[04/11/2016 08:12:17] Protuário 87217090253 do Estado RO.rafis.net inserido na base.
[04/11/2016 08:12:17] Protuário 02504589263 do Estado RO.rafis.net inserido na base.
[04/11/2016 08:12:17] Protuário 02514295203 do Estado RO.rafis.net inserido na base.
[04/11/2016 08:12:17] Protuário 02560967243 do Estado RO.rafis.net inserido na base.
[04/11/2016 08:12:17] Protuário 02090356251 do Estado RO.rafis.net inserido na base.
[04/11/2016 08:12:17] Protuário 33312141915 do Estado RO.rafis.net inserido na base.
[04/11/2016 08:12:17] Protuário 02458061486 do Estado RO.rafis.net inserido na base.
[04/11/2016 08:12:17] Protuário 02751251226 do Estado RO.rafis.net inserido na base.
[04/11/2016 08:12:17] Protuário 02495816207 do Estado RO.rafis.net inserido na base.
[04/11/2016 08:12:17] Protuário 02600908242 do Estado RO.rafis.net inserido na base.
[04/11/2016 08:12:17] Protuário 88179656268 do Estado RO.rafis.net inserido na base.
[04/11/2016 08:12:17] Protuário 09668589726 do Estado RO.rafis.net inserido na base.
[04/11/2016 08:12:17] Protuário 02431780260 do Estado RO.rafis.net inserido na base.
[04/11/2016 08:12:17] Protuário 02754553274 do Estado RO.rafis.net inserido na base.
[04/11/2016 08:12:17] Protuário 02519841257 do Estado RO.rafis.net inserido na base.
[04/11/2016 08:12:17] Protuário 43214451839 do Estado RO.rafis.net inserido na base.
[04/11/2016 08:12:17] Protuário 24071129468 do Estado RO.rafis.net inserido na base.
[04/11/2016 08:12:17] Protuário 89530810253 do Estado RO.rafis.net inserido na base.
[04/11/2016 08:12:17] Protuário 02668509289 do Estado RO.rafis.net inserido na base.
[04/11/2016 08:12:17] Protuário 02746407248 do Estado RO.rafis.net inserido na base.
[04/11/2016 08:12:17] Protuário 00602105242 do Estado RO.rafis.net inserido na base.
[04/11/2016 08:12:17] Protuário 02371284114 do Estado RO.rafis.net inserido na base.
[04/11/2016 08:12:17] Protuário 02501846214 do Estado RO.rafis.net inserido na base.
[04/11/2016 08:12:17] Protuário 02757984292 do Estado RO.rafis.net inserido na base.
[04/11/2016 08:12:17] Protuário 02804584283 do Estado RO.rafis.net inserido na base.
[04/11/2016 08:12:17] Protuário 02284528210 do Estado RO.rafis.net inserido na base.
[04/11/2016 08:12:17] Protuário 71927360234 do Estado RO.rafis.net inserido na base.
[04/11/2016 08:12:17] Protuário 02838428225 do Estado RO.rafis.net inserido na base.
[04/11/2016 08:12:17] Protuário 02001439210 do Estado RO.rafis.net inserido na base.
[04/11/2016 08:12:17] Protuário 00936798238 do Estado RO.rafis.net inserido na base.
[04/11/2016 08:12:17] Protuário 02502234220 do Estado RO.rafis.net inserido na base.
[04/11/2016 08:12:17] Protuário 02395849294 do Estado RO.rafis.net inserido na base.
[04/11/2016 08:12:17] Protuário 02696354243 do Estado RO.rafis.net inserido na base.
[04/11/2016 08:12:17] Protuário 01066282242 do Estado RO.rafis.net inserido na base.
[04/11/2016 08:12:17] Protuário 02978334261 do Estado RO.rafis.net inserido na base.
[04/11/2016 08:12:17] Protuário 02524468283 do Estado RO.rafis.net inserido na base.
[04/11/2016 08:12:17] Protuário 77687140249 do Estado RO.rafis.net inserido na base.
[04/11/2016 08:12:17] Protuário 02016341203 do Estado RO.rafis.net inserido na base.
[04/11/2016 08:12:17] Protuário 02243468220 do Estado RO.rafis.net inserido na base.
[04/11/2016 08:12:17] Protuário 01659221250 do Estado RO.rafis.net inserido na base.
[04/11/2016 08:12:17] Protuário 01385971207 do Estado RO.rafis.net inserido na base.
[04/11/2016 08:12:17] Protuário 31575951215 do Estado RO.rafis.net inserido na base.
[04/11/2016 08:12:17] Protuário 02754442286 do Estado RO.rafis.net inserido na base.
[04/11/2016 08:12:17] Protuário 02675719250 do Estado RO.rafis.net inserido na base.
[04/11/2016 08:12:17] Protuário 00394372212 do Estado RO.rafis.net inserido na base.
[04/11/2016 08:12:17] Protuário 01824606222 do Estado RO.rafis.net inserido na base.
[04/11/2016 08:12:17] Protuário 71038760291 do Estado RO.rafis.net inserido na base.
[04/11/2016 08:12:17] Protuário 02970844290 do Estado RO.rafis.net inserido na base.
[04/11/2016 08:12:17] Protuário 66456223253 do Estado RO.rafis.net inserido na base.
[04/11/2016 08:12:17] Protuário 01507777280 do Estado RO.rafis.net inserido na base.
[04/11/2016 08:12:17] Protuário 81491972734 do Estado RO.rafis.net inserido na base.
[04/11/2016 08:12:17] Protuário 02973564298 do Estado RO.rafis.net inserido na base.
[04/11/2016 08:12:17] Protuário 02977590277 do Estado RO.rafis.net inserido na base.
[04/11/2016 08:12:17] Protuário 65104048268 do Estado RO.rafis.net inserido na base.
[04/11/2016 08:12:17] Protuário 02752339283 do Estado RO.rafis.net inserido na base.
[04/11/2016 08:12:17] Protuário 01368579221 do Estado RO.rafis.net inserido na base.
[04/11/2016 08:12:17] Protuário 02524703207 do Estado RO.rafis.net inserido na base.
[04/11/2016 08:12:17] Protuário 02754361286 do Estado RO.rafis.net inserido na base.
[04/11/2016 08:12:17] Protuário 02752036205 do Estado RO.rafis.net inserido na base.
[04/11/2016 08:12:17] Protuário 54578230244 do Estado RO.rafis.net inserido na base.
[04/11/2016 08:12:17] Protuário 87641100287 do Estado RO.rafis.net inserido na base.
[04/11/2016 08:12:17] Protuário 01678778281 do Estado RO.rafis.net inserido na base.
[04/11/2016 08:12:17] Protuário 12738603220 do Estado RO.rafis.net inserido na base.
[04/11/2016 08:12:17] Protuário 02729959246 do Estado RO.rafis.net inserido na base.
[04/11/2016 08:12:17] Protuário 02034897218 do Estado RO.rafis.net inserido na base.
[04/11/2016 08:12:17] Protuário 02976431264 do Estado RO.rafis.net inserido na base.
[04/11/2016 08:12:17] Protuário 03075602108 do Estado RO.rafis.net inserido na base.
[04/11/2016 08:12:17] Protuário 11786714701 do Estado RO.rafis.net inserido na base.
[04/11/2016 08:12:17] Protuário 01964721210 do Estado RO.rafis.net inserido na base.
[04/11/2016 08:12:17] Protuário 02754469214 do Estado RO.rafis.net inserido na base.
[04/11/2016 08:12:17] Protuário 02521800201 do Estado RO.rafis.net inserido na base.
[04/11/2016 08:12:17] Protuário 01291186212 do Estado RO.rafis.net inserido na base.
[04/11/2016 08:12:17] Protuário 02976016283 do Estado RO.rafis.net inserido na base.
[04/11/2016 08:12:17] Protuário 02524467201 do Estado RO.rafis.net inserido na base.
[04/11/2016 08:12:17] Protuário 00964995247 do Estado RO.rafis.net inserido na base.
[04/11/2016 08:12:17] Protuário 02847992200 do Estado RO.rafis.net inserido na base.
[04/11/2016 08:12:17] Protuário 40877728291 do Estado RO.rafis.net inserido na base.
[04/11/2016 08:12:17] Protuário 02522156217 do Estado RO.rafis.net inserido na base.
[04/11/2016 08:12:17] Protuário 61843636204 do Estado RO.rafis.net inserido na base.
[04/11/2016 08:12:17] Protuário 02977926283 do Estado RO.rafis.net inserido na base.
[04/11/2016 08:12:17] Protuário 02018281208 do Estado RO.rafis.net inserido na base.
[04/11/2016 08:12:17] Protuário 02750943248 do Estado RO.rafis.net inserido na base.
[04/11/2016 08:12:17] Protuário 84036427253 do Estado RO.rafis.net inserido na base.
[04/11/2016 08:12:17] Protuário 02586989260 do Estado RO.rafis.net inserido na base.
[04/11/2016 08:12:17] Protuário 02751226205 do Estado RO.rafis.net inserido na base.
[04/11/2016 08:12:17] Protuário 56817363772 do Estado RO.rafis.net inserido na base.
[04/11/2016 08:12:17] Protuário 02753280231 do Estado RO.rafis.net inserido na base.
[04/11/2016 08:12:17] Protuário 02895961220 do Estado RO.rafis.net inserido na base.
[04/11/2016 08:12:17] Protuário 40961532220 do Estado RO.rafis.net inserido na base.
[04/11/2016 08:12:17] Protuário 84851554249 do Estado RO.rafis.net inserido na base.
[04/11/2016 08:12:17] Protuário 55062075220 do Estado RO.rafis.net inserido na base.
[04/11/2016 08:12:17] Protuário 28222334204 do Estado RO.rafis.net inserido na base.
[04/11/2016 08:12:17] Protuário 00071044213 do Estado RO.rafis.net inserido na base.
[04/11/2016 08:12:17] Protuário 79601260200 do Estado RO.rafis.net inserido na base.
[04/11/2016 08:12:17] Protuário 02246762294 do Estado RO.rafis.net inserido na base.
[04/11/2016 08:12:17] Protuário 02974706207 do Estado RO.rafis.net inserido na base.
[04/11/2016 08:12:17] Protuário 34944257287 do Estado RO.rafis.net inserido na base.
[04/11/2016 08:12:17] Protuário 89405544420 do Estado RO.rafis.net inserido na base.
[04/11/2016 08:12:17] Protuário 02747186261 do Estado RO.rafis.net inserido na base.
[04/11/2016 08:12:17] Protuário 02751531261 do Estado RO.rafis.net inserido na base.
[04/11/2016 08:12:17] Protuário 00990091295 do Estado RO.rafis.net inserido na base.
[04/11/2016 08:12:17] Protuário 02943772208 do Estado RO.rafis.net inserido na base.
[04/11/2016 08:12:17] Protuário 88788393291 do Estado RO.rafis.net inserido na base.
[04/11/2016 08:12:17] Protuário 67625274268 do Estado RO.rafis.net inserido na base.
[04/11/2016 08:12:17] Protuário 02524751279 do Estado RO.rafis.net inserido na base.
[04/11/2016 08:12:17] Protuário 02749716233 do Estado RO.rafis.net inserido na base.
[04/11/2016 08:12:17] Protuário 02524733297 do Estado RO.rafis.net inserido na base.
[04/11/2016 08:12:17] Protuário 02751439292 do Estado RO.rafis.net inserido na base.
[04/11/2016 08:12:17] Protuário 00571338240 do Estado RO.rafis.net inserido na base.
[04/11/2016 08:12:17] Protuário 02734766299 do Estado RO.rafis.net inserido na base.
[04/11/2016 08:12:17] Protuário 02273416270 do Estado RO.rafis.net inserido na base.
[04/11/2016 08:12:17] Protuário 02974845240 do Estado RO.rafis.net inserido na base.
[04/11/2016 08:12:17] Protuário 52235696287 do Estado RO.rafis.net inserido na base.
[04/11/2016 08:12:17] Protuário 02748149270 do Estado RO.rafis.net inserido na base.
[04/11/2016 08:12:17] Protuário 02520698209 do Estado RO.rafis.net inserido na base.
[04/11/2016 08:12:17] Protuário 82552908268 do Estado RO.rafis.net inserido na base.
[04/11/2016 08:12:17] Protuário 02976460280 do Estado RO.rafis.net inserido na base.
[04/11/2016 08:12:17] Protuário 01859220231 do Estado RO.rafis.net inserido na base.
[04/11/2016 08:12:17] Protuário 83989757172 do Estado RO.rafis.net inserido na base.
[04/11/2016 08:12:17] Protuário 01454663294 do Estado RO.rafis.net inserido na base.
[04/11/2016 08:12:17] Protuário 02977997202 do Estado RO.rafis.net inserido na base.
[04/11/2016 08:12:17] Protuário 02524395200 do Estado RO.rafis.net inserido na base.
[04/11/2016 08:12:17] Protuário 02679129270 do Estado RO.rafis.net inserido na base.
[04/11/2016 08:12:17] Protuário 62492527700 do Estado RO.rafis.net inserido na base.
[04/11/2016 08:12:17] Protuário 02974311296 do Estado RO.rafis.net inserido na base.
[04/11/2016 08:12:17] Protuário 52685098291 do Estado RO.rafis.net inserido na base.
[04/11/2016 08:12:18] Rodando: 349 prontuarios disponíveis.
[04/11/2016 08:12:28] Rodando...
[04/11/2016 08:12:28] Rodando: 349 prontuarios disponíveis.
[04/11/2016 08:12:29] Rodando...
[04/11/2016 08:12:30] Rodando...
[04/11/2016 08:12:31] Rodando...
[04/11/2016 08:12:32] Rodando...
[04/11/2016 08:12:33] Rodando...
[04/11/2016 08:12:34] Rodando...
[04/11/2016 08:12:35] Rodando...
[04/11/2016 08:12:36] Rodando...
[04/11/2016 08:12:37] Rodando...
[04/11/2016 08:12:38] Rodando...
[04/11/2016 08:12:39] Rodando: 349 prontuarios disponíveis.
[04/11/2016 08:12:39] Rodando...
[04/11/2016 08:12:40] Rodando...
[04/11/2016 08:12:41] Rodando...
[04/11/2016 08:12:42] Rodando...
[04/11/2016 08:12:43] Rodando...
[04/11/2016 08:12:44] Rodando...
[04/11/2016 08:12:45] Rodando...
[04/11/2016 08:12:46] Rodando...
[04/11/2016 08:12:47] Rodando...
[04/11/2016 08:12:48] Rodando...
[04/11/2016 08:12:49] Rodando...
[04/11/2016 08:12:49] Rodando: 349 prontuarios disponíveis.
[04/11/2016 08:12:50] Rodando...
[04/11/2016 08:12:51] Rodando...
[04/11/2016 08:12:52] Rodando...
Servico Parado: 04/11/2016 08:12:53
